GET / at time 01:18:07 GMT+0530 (India Standard Time)
GET /bootstrap-5.1.3-dist/css/bootstrap.min.css at time 01:18:08 GMT+0530 (India Standard Time)
GET /bootstrap-5.1.3-dist/js/bootstrap.min.js at time 01:18:08 GMT+0530 (India Standard Time)
GET /favicon.ico at time 01:18:08 GMT+0530 (India Standard Time)
GET /page/products at time 01:18:36 GMT+0530 (India Standard Time)
GET / at time 01:18:41 GMT+0530 (India Standard Time)
GET /bootstrap-5.1.3-dist/css/bootstrap.min.css at time 01:18:41 GMT+0530 (India Standard Time)
GET /bootstrap-5.1.3-dist/js/bootstrap.min.js at time 01:18:41 GMT+0530 (India Standard Time)
GET / at time 01:22:41 GMT+0530 (India Standard Time)
GET /bootstrap-5.1.3-dist/css/bootstrap.min.css at time 01:22:42 GMT+0530 (India Standard Time)
GET /bootstrap-5.1.3-dist/js/bootstrap.min.js at time 01:22:42 GMT+0530 (India Standard Time)
GET /favicon.ico at time 01:22:43 GMT+0530 (India Standard Time)
GET /page/articles at time 01:22:47 GMT+0530 (India Standard Time)
GET /bootstrap-5.1.3-dist/css/bootstrap.min.css at time 01:22:47 GMT+0530 (India Standard Time)
GET /page/bootstrap-5.1.3-dist/js/bootstrap.min.js at time 01:22:47 GMT+0530 (India Standard Time)
GET /articles at time 01:23:11 GMT+0530 (India Standard Time)
GET / at time 01:29:19 GMT+0530 (India Standard Time)
GET /bootstrap-5.1.3-dist/css/bootstrap.min.css at time 01:29:20 GMT+0530 (India Standard Time)
GET /bootstrap-5.1.3-dist/js/bootstrap.min.js at time 01:29:20 GMT+0530 (India Standard Time)
GET /favicon.ico at time 01:29:20 GMT+0530 (India Standard Time)
GET /page/articles at time 01:29:23 GMT+0530 (India Standard Time)
GET /bootstrap-5.1.3-dist/css/bootstrap.min.css at time 01:29:23 GMT+0530 (India Standard Time)
GET /page/bootstrap-5.1.3-dist/js/bootstrap.min.js at time 01:29:23 GMT+0530 (India Standard Time)
GET /articles at time 01:29:36 GMT+0530 (India Standard Time)
PUT /articles/61f1a53930428d70f0036a1d at time 01:30:04 GMT+0530 (India Standard Time)
GET /articles/61f1a53930428d70f0036a1d at time 01:30:19 GMT+0530 (India Standard Time)
GET /articles at time 11:53:10 GMT+0530 (India Standard Time)
GET /articles at time 11:54:19 GMT+0530 (India Standard Time)
GET /favicon.ico at time 11:54:21 GMT+0530 (India Standard Time)
GET / at time 11:54:35 GMT+0530 (India Standard Time)
GET /bootstrap-5.1.3-dist/css/bootstrap.min.css at time 11:54:35 GMT+0530 (India Standard Time)
GET /bootstrap-5.1.3-dist/js/bootstrap.min.js at time 11:54:35 GMT+0530 (India Standard Time)
GET /page/articles at time 11:54:42 GMT+0530 (India Standard Time)
GET /bootstrap-5.1.3-dist/css/bootstrap.min.css at time 11:54:42 GMT+0530 (India Standard Time)
GET /page/bootstrap-5.1.3-dist/js/bootstrap.min.js at time 11:54:42 GMT+0530 (India Standard Time)
GET / at time 14:33:48 GMT+0530 (India Standard Time)
GET /bootstrap-5.1.3-dist/css/bootstrap.min.css at time 14:33:49 GMT+0530 (India Standard Time)
GET /bootstrap-5.1.3-dist/js/bootstrap.min.js at time 14:33:49 GMT+0530 (India Standard Time)
GET /favicon.ico at time 14:33:50 GMT+0530 (India Standard Time)
GET /page/articles at time 14:33:54 GMT+0530 (India Standard Time)
GET /bootstrap-5.1.3-dist/css/bootstrap.min.css at time 14:33:54 GMT+0530 (India Standard Time)
GET /page/bootstrap-5.1.3-dist/js/bootstrap.min.js at time 14:33:54 GMT+0530 (India Standard Time)
GET / at time 14:34:02 GMT+0530 (India Standard Time)
GET /bootstrap-5.1.3-dist/css/bootstrap.min.css at time 14:34:02 GMT+0530 (India Standard Time)
GET /bootstrap-5.1.3-dist/js/bootstrap.min.js at time 14:34:02 GMT+0530 (India Standard Time)
GET /articles at time 14:34:12 GMT+0530 (India Standard Time)
GET /articles at time 14:38:15 GMT+0530 (India Standard Time)
GET /articles at time 19:25:36 GMT+0530 (India Standard Time)
GET / at time 19:26:43 GMT+0530 (India Standard Time)
GET /bootstrap-5.1.3-dist/css/bootstrap.min.css at time 19:26:45 GMT+0530 (India Standard Time)
GET /bootstrap-5.1.3-dist/js/bootstrap.min.js at time 19:26:45 GMT+0530 (India Standard Time)
GET /articles at time 19:26:48 GMT+0530 (India Standard Time)
GET /favicon.ico at time 19:26:49 GMT+0530 (India Standard Time)
GET /articles?sort=name&order=desc at time 19:34:08 GMT+0530 (India Standard Time)
GET /articles at time 19:35:53 GMT+0530 (India Standard Time)
GET /articles?sort=name&order=desc at time 19:42:05 GMT+0530 (India Standard Time)
GET /articles?sort=name&order=desc&q=1 at time 19:43:48 GMT+0530 (India Standard Time)
GET /articles/61f2a234581dbbd08ce1cf95 at time 19:46:07 GMT+0530 (India Standard Time)
POST /articles/61f2a234581dbbd08ce1cf95 at time 19:47:41 GMT+0530 (India Standard Time)
PUT /articles/61f2a234581dbbd08ce1cf95 at time 19:47:47 GMT+0530 (India Standard Time)
POST /articles at time 19:48:05 GMT+0530 (India Standard Time)
PUT /articles at time 19:48:11 GMT+0530 (India Standard Time)
GET / at time 19:48:33 GMT+0530 (India Standard Time)
GET /bootstrap-5.1.3-dist/css/bootstrap.min.css at time 19:48:34 GMT+0530 (India Standard Time)
GET /bootstrap-5.1.3-dist/js/bootstrap.min.js at time 19:48:34 GMT+0530 (India Standard Time)
GET /favicon.ico at time 19:48:34 GMT+0530 (India Standard Time)
GET /page/articles at time 19:48:38 GMT+0530 (India Standard Time)
GET /bootstrap-5.1.3-dist/css/bootstrap.min.css at time 19:48:38 GMT+0530 (India Standard Time)
GET /page/bootstrap-5.1.3-dist/js/bootstrap.min.js at time 19:48:38 GMT+0530 (India Standard Time)
GET / at time 19:48:43 GMT+0530 (India Standard Time)
GET /bootstrap-5.1.3-dist/css/bootstrap.min.css at time 19:48:43 GMT+0530 (India Standard Time)
GET /bootstrap-5.1.3-dist/js/bootstrap.min.js at time 19:48:43 GMT+0530 (India Standard Time)
GET /page/articles at time 19:49:25 GMT+0530 (India Standard Time)
GET /bootstrap-5.1.3-dist/css/bootstrap.min.css at time 19:49:25 GMT+0530 (India Standard Time)
GET /page/bootstrap-5.1.3-dist/js/bootstrap.min.js at time 19:49:25 GMT+0530 (India Standard Time)
GET /articles at time 19:50:08 GMT+0530 (India Standard Time)
GET /articles?sort=name&order=desc at time 19:50:10 GMT+0530 (India Standard Time)
GET /articles?sort=name&order=desc&q=1 at time 19:50:18 GMT+0530 (India Standard Time)
GET / at time 20:02:16 GMT+0530 (India Standard Time)
GET /bootstrap-5.1.3-dist/js/bootstrap.min.js at time 20:02:18 GMT+0530 (India Standard Time)
GET /bootstrap-5.1.3-dist/css/bootstrap.min.css at time 20:02:18 GMT+0530 (India Standard Time)
GET /favicon.ico at time 20:02:19 GMT+0530 (India Standard Time)
GET /articles at time 20:02:33 GMT+0530 (India Standard Time)
GET / at time 20:12:57 GMT+0530 (India Standard Time)
GET /bootstrap-5.1.3-dist/css/bootstrap.min.css at time 20:12:58 GMT+0530 (India Standard Time)
GET /bootstrap-5.1.3-dist/js/bootstrap.min.js at time 20:12:58 GMT+0530 (India Standard Time)
GET /favicon.ico at time 20:12:59 GMT+0530 (India Standard Time)
GET /page/articles at time 20:13:02 GMT+0530 (India Standard Time)
GET /bootstrap-5.1.3-dist/css/bootstrap.min.css at time 20:13:03 GMT+0530 (India Standard Time)
GET /page/bootstrap-5.1.3-dist/js/bootstrap.min.js at time 20:13:03 GMT+0530 (India Standard Time)
GET /articles/61f1a53930428d70f0036a1d at time 20:13:28 GMT+0530 (India Standard Time)
GET /articles/61f1a53930428d70f0036a1d at time 20:13:45 GMT+0530 (India Standard Time)
GET /articles/61f1a53930428d70f0036a1d at time 20:14:54 GMT+0530 (India Standard Time)
GET /articles at time 20:23:55 GMT+0530 (India Standard Time)
GET /articles/61f2a234581dbbd08ce1cf95 at time 20:25:59 GMT+0530 (India Standard Time)
GET /articles/61f2a234581dbbd08ce1cf95 at time 20:26:24 GMT+0530 (India Standard Time)
